# JRE version: OpenJDK Runtime Environment (8.0_152-b06) (build 1.8.0_152-release-1136-b06)
# Java VM: OpenJDK 64-Bit Server VM (25.152-b06 mixed mode windows-amd64 compressed oops)
Heap:
 PSYoungGen      total 162304K, used 29917K [0x00000000e0000000, 0x00000000ef500000, 0x0000000100000000)
  eden space 145920K, 9% used [0x00000000e0000000,0x00000000e0d636a0,0x00000000e8e80000)
  from space 16384K, 98% used [0x00000000e8e80000,0x00000000e9e54010,0x00000000e9e80000)
  to   space 18432K, 0% used [0x00000000ee300000,0x00000000ee300000,0x00000000ef500000)
 ParOldGen       total 167936K, used 20650K [0x00000000a0000000, 0x00000000aa400000, 0x00000000e0000000)
  object space 167936K, 12% used [0x00000000a0000000,0x00000000a142abb8,0x00000000aa400000)
 Metaspace       used 51034K, capacity 52318K, committed 52608K, reserved 1095680K
  class space    used 6901K, capacity 7222K, committed 7296K, reserved 1048576K
GC Heap History (10 events):
Event: 3.611 GC heap before
{Heap before GC invocations=5 (full 1):
 PSYoungGen      total 76288K, used 65536K [0x00000000e0000000, 0x00000000e9500000, 0x0000000100000000)
  eden space 65536K, 100% used [0x00000000e0000000,0x00000000e4000000,0x00000000e4000000)
  from space 10752K, 0% used [0x00000000e4000000,0x00000000e4000000,0x00000000e4a80000)
  to   space 10752K, 0% used [0x00000000e8a80000,0x00000000e8a80000,0x00000000e9500000)
 ParOldGen       total 104448K, used 8502K [0x00000000a0000000, 0x00000000a6600000, 0x00000000e0000000)
  object space 104448K, 8% used [0x00000000a0000000,0x00000000a084d930,0x00000000a6600000)
 Metaspace       used 26520K, capacity 26966K, committed 27136K, reserved 1073152K
  class space    used 3637K, capacity 3797K, committed 3840K, reserved 1048576K
Event: 3.617 GC heap after
Heap after GC invocations=5 (full 1):
 PSYoungGen      total 107008K, used 6993K [0x00000000e0000000, 0x00000000e9180000, 0x0000000100000000)
  eden space 99840K, 0% used [0x00000000e0000000,0x00000000e0000000,0x00000000e6180000)
  from space 7168K, 97% used [0x00000000e8a80000,0x00000000e9154610,0x00000000e9180000)
  to   space 10752K, 0% used [0x00000000e7c80000,0x00000000e7c80000,0x00000000e8700000)
 ParOldGen       total 104448K, used 8510K [0x00000000a0000000, 0x00000000a6600000, 0x00000000e0000000)
  object space 104448K, 8% used [0x00000000a0000000,0x00000000a084f930,0x00000000a6600000)
 Metaspace       used 26520K, capacity 26966K, committed 27136K, reserved 1073152K
  class space    used 3637K, capacity 3797K, committed 3840K, reserved 1048576K
}
Event: 5.959 GC heap before
{Heap before GC invocations=6 (full 1):
 PSYoungGen      total 107008K, used 102053K [0x00000000e0000000, 0x00000000e9180000, 0x0000000100000000)
  eden space 99840K, 95% used [0x00000000e0000000,0x00000000e5cd4df8,0x00000000e6180000)
  from space 7168K, 97% used [0x00000000e8a80000,0x00000000e9154610,0x00000000e9180000)
  to   space 10752K, 0% used [0x00000000e7c80000,0x00000000e7c80000,0x00000000e8700000)
 ParOldGen       total 104448K, used 8510K [0x00000000a0000000, 0x00000000a6600000, 0x00000000e0000000)
  object space 104448K, 8% used [0x00000000a0000000,0x00000000a084f930,0x00000000a6600000)
 Metaspace       used 34827K, capacity 35290K, committed 35416K, reserved 1079296K
  class space    used 4828K, capacity 4999K, committed 5120K, reserved 1048576K
Event: 5.969 GC heap after
Heap after GC invocations=6 (full 1):
 PSYoungGen      total 138240K, used 10735K [0x00000000e0000000, 0x00000000eac00000, 0x0000000100000000)
  eden space 127488K, 0% used [0x00000000e0000000,0x00000000e0000000,0x00000000e7c80000)
  from space 10752K, 99% used [0x00000000e7c80000,0x00000000e86fbf58,0x00000000e8700000)
  to   space 13824K, 0% used [0x00000000e9e80000,0x00000000e9e80000,0x00000000eac00000)
 ParOldGen       total 104448K, used 10734K [0x00000000a0000000, 0x00000000a6600000, 0x00000000e0000000)
  object space 104448K, 10% used [0x00000000a0000000,0x00000000a0a7b800,0x00000000a6600000)
 Metaspace       used 34827K, capacity 35290K, committed 35416K, reserved 1079296K
  class space    used 4828K, capacity 4999K, committed 5120K, reserved 1048576K
}
Event: 5.969 GC heap before
{Heap before GC invocations=7 (full 2):
 PSYoungGen      total 138240K, used 10735K [0x00000000e0000000, 0x00000000eac00000, 0x0000000100000000)
  eden space 127488K, 0% used [0x00000000e0000000,0x00000000e0000000,0x00000000e7c80000)
  from space 10752K, 99% used [0x00000000e7c80000,0x00000000e86fbf58,0x00000000e8700000)
  to   space 13824K, 0% used [0x00000000e9e80000,0x00000000e9e80000,0x00000000eac00000)
 ParOldGen       total 104448K, used 10734K [0x00000000a0000000, 0x00000000a6600000, 0x00000000e0000000)
  object space 104448K, 10% used [0x00000000a0000000,0x00000000a0a7b800,0x00000000a6600000)
 Metaspace       used 34827K, capacity 35290K, committed 35416K, reserved 1079296K
  class space    used 4828K, capacity 4999K, committed 5120K, reserved 1048576K
Event: 6.002 GC heap after
Heap after GC invocations=7 (full 2):
 PSYoungGen      total 138240K, used 0K [0x00000000e0000000, 0x00000000eac00000, 0x0000000100000000)
  eden space 127488K, 0% used [0x00000000e0000000,0x00000000e0000000,0x00000000e7c80000)
  from space 10752K, 0% used [0x00000000e7c80000,0x00000000e7c80000,0x00000000e8700000)
  to   space 13824K, 0% used [0x00000000e9e80000,0x00000000e9e80000,0x00000000eac00000)
 ParOldGen       total 167936K, used 19246K [0x00000000a0000000, 0x00000000aa400000, 0x00000000e0000000)
  object space 167936K, 11% used [0x00000000a0000000,0x00000000a12cb968,0x00000000aa400000)
 Metaspace       used 34827K, capacity 35290K, committed 35416K, reserved 1079296K
  class space    used 4828K, capacity 4999K, committed 5120K, reserved 1048576K
}
Event: 7.043 GC heap before
{Heap before GC invocations=8 (full 2):
 PSYoungGen      total 138240K, used 127488K [0x00000000e0000000, 0x00000000eac00000, 0x0000000100000000)
  eden space 127488K, 100% used [0x00000000e0000000,0x00000000e7c80000,0x00000000e7c80000)
  from space 10752K, 0% used [0x00000000e7c80000,0x00000000e7c80000,0x00000000e8700000)
  to   space 13824K, 0% used [0x00000000e9e80000,0x00000000e9e80000,0x00000000eac00000)
 ParOldGen       total 167936K, used 19246K [0x00000000a0000000, 0x00000000aa400000, 0x00000000e0000000)
  object space 167936K, 11% used [0x00000000a0000000,0x00000000a12cb968,0x00000000aa400000)
 Metaspace       used 42432K, capacity 43216K, committed 43392K, reserved 1087488K
  class space    used 5755K, capacity 6003K, committed 6016K, reserved 1048576K
Event: 7.056 GC heap after
Heap after GC invocations=8 (full 2):
 PSYoungGen      total 159744K, used 13792K [0x00000000e0000000, 0x00000000ed980000, 0x0000000100000000)
  eden space 145920K, 0% used [0x00000000e0000000,0x00000000e0000000,0x00000000e8e80000)
  from space 13824K, 99% used [0x00000000e9e80000,0x00000000eabf83d8,0x00000000eac00000)
  to   space 16384K, 0% used [0x00000000e8e80000,0x00000000e8e80000,0x00000000e9e80000)
 ParOldGen       total 167936K, used 20578K [0x00000000a0000000, 0x00000000aa400000, 0x00000000e0000000)
  object space 167936K, 12% used [0x00000000a0000000,0x00000000a1418ba8,0x00000000aa400000)
 Metaspace       used 42432K, capacity 43216K, committed 43392K, reserved 1087488K
  class space    used 5755K, capacity 6003K, committed 6016K, reserved 1048576K
}
Event: 8.920 GC heap before
{Heap before GC invocations=9 (full 2):
 PSYoungGen      total 159744K, used 159712K [0x00000000e0000000, 0x00000000ed980000, 0x0000000100000000)
  eden space 145920K, 100% used [0x00000000e0000000,0x00000000e8e80000,0x00000000e8e80000)
  from space 13824K, 99% used [0x00000000e9e80000,0x00000000eabf83d8,0x00000000eac00000)
  to   space 16384K, 0% used [0x00000000e8e80000,0x00000000e8e80000,0x00000000e9e80000)
 ParOldGen       total 167936K, used 20578K [0x00000000a0000000, 0x00000000aa400000, 0x00000000e0000000)
  object space 167936K, 12% used [0x00000000a0000000,0x00000000a1418ba8,0x00000000aa400000)
 Metaspace       used 50270K, capacity 51480K, committed 51712K, reserved 1093632K
  class space    used 6777K, capacity 7129K, committed 7168K, reserved 1048576K
Event: 8.932 GC heap after
Heap after GC invocations=9 (full 2):
 PSYoungGen      total 162304K, used 16208K [0x00000000e0000000, 0x00000000ef500000, 0x0000000100000000)
  eden space 145920K, 0% used [0x00000000e0000000,0x00000000e0000000,0x00000000e8e80000)
  from space 16384K, 98% used [0x00000000e8e80000,0x00000000e9e54010,0x00000000e9e80000)
  to   space 18432K, 0% used [0x00000000ee300000,0x00000000ee300000,0x00000000ef500000)
 ParOldGen       total 167936K, used 20650K [0x00000000a0000000, 0x00000000aa400000, 0x00000000e0000000)
  object space 167936K, 12% used [0x00000000a0000000,0x00000000a142abb8,0x00000000aa400000)
 Metaspace       used 50270K, capacity 51480K, committed 51712K, reserved 1093632K
  class space    used 6777K, capacity 7129K, committed 7168K, reserved 1048576K
}

