# JRE version: OpenJDK Runtime Environment (8.0_152-b06) (build 1.8.0_152-release-1136-b06)
# Java VM: OpenJDK 64-Bit Server VM (25.152-b06 mixed mode windows-amd64 compressed oops)
Heap:
 PSYoungGen      total 160768K, used 55455K [0x00000000e0000000, 0x00000000ee680000, 0x0000000100000000)
  eden space 144384K, 27% used [0x00000000e0000000,0x00000000e26880f0,0x00000000e8d00000)
  from space 16384K, 97% used [0x00000000e8d00000,0x00000000e9c9fb88,0x00000000e9d00000)
  to   space 18432K, 0% used [0x00000000ed480000,0x00000000ed480000,0x00000000ee680000)
 ParOldGen       total 172032K, used 20568K [0x00000000a0000000, 0x00000000aa800000, 0x00000000e0000000)
  object space 172032K, 11% used [0x00000000a0000000,0x00000000a1416280,0x00000000aa800000)
 Metaspace       used 52906K, capacity 54381K, committed 54488K, reserved 1095680K
  class space    used 7220K, capacity 7630K, committed 7680K, reserved 1048576K
GC Heap History (10 events):
Event: 2.483 GC heap before
{Heap before GC invocations=5 (full 1):
 PSYoungGen      total 76288K, used 65536K [0x00000000e0000000, 0x00000000e9500000, 0x0000000100000000)
  eden space 65536K, 100% used [0x00000000e0000000,0x00000000e4000000,0x00000000e4000000)
  from space 10752K, 0% used [0x00000000e4000000,0x00000000e4000000,0x00000000e4a80000)
  to   space 10752K, 0% used [0x00000000e8a80000,0x00000000e8a80000,0x00000000e9500000)
 ParOldGen       total 105472K, used 8501K [0x00000000a0000000, 0x00000000a6700000, 0x00000000e0000000)
  object space 105472K, 8% used [0x00000000a0000000,0x00000000a084d6a8,0x00000000a6700000)
 Metaspace       used 26505K, capacity 26902K, committed 27136K, reserved 1073152K
  class space    used 3637K, capacity 3797K, committed 3840K, reserved 1048576K
Event: 2.491 GC heap after
Heap after GC invocations=5 (full 1):
 PSYoungGen      total 105984K, used 6924K [0x00000000e0000000, 0x00000000e9180000, 0x0000000100000000)
  eden space 98816K, 0% used [0x00000000e0000000,0x00000000e0000000,0x00000000e6080000)
  from space 7168K, 96% used [0x00000000e8a80000,0x00000000e9143130,0x00000000e9180000)
  to   space 10752K, 0% used [0x00000000e7c80000,0x00000000e7c80000,0x00000000e8700000)
 ParOldGen       total 105472K, used 8509K [0x00000000a0000000, 0x00000000a6700000, 0x00000000e0000000)
  object space 105472K, 8% used [0x00000000a0000000,0x00000000a084f6a8,0x00000000a6700000)
 Metaspace       used 26505K, capacity 26902K, committed 27136K, reserved 1073152K
  class space    used 3637K, capacity 3797K, committed 3840K, reserved 1048576K
}
Event: 3.324 GC heap before
{Heap before GC invocations=6 (full 1):
 PSYoungGen      total 105984K, used 100398K [0x00000000e0000000, 0x00000000e9180000, 0x0000000100000000)
  eden space 98816K, 94% used [0x00000000e0000000,0x00000000e5b48708,0x00000000e6080000)
  from space 7168K, 96% used [0x00000000e8a80000,0x00000000e9143130,0x00000000e9180000)
  to   space 10752K, 0% used [0x00000000e7c80000,0x00000000e7c80000,0x00000000e8700000)
 ParOldGen       total 105472K, used 8509K [0x00000000a0000000, 0x00000000a6700000, 0x00000000e0000000)
  object space 105472K, 8% used [0x00000000a0000000,0x00000000a084f6a8,0x00000000a6700000)
 Metaspace       used 34653K, capacity 35209K, committed 35416K, reserved 1079296K
  class space    used 4805K, capacity 4992K, committed 4992K, reserved 1048576K
Event: 3.335 GC heap after
Heap after GC invocations=6 (full 1):
 PSYoungGen      total 138240K, used 10744K [0x00000000e0000000, 0x00000000eaa80000, 0x0000000100000000)
  eden space 127488K, 0% used [0x00000000e0000000,0x00000000e0000000,0x00000000e7c80000)
  from space 10752K, 99% used [0x00000000e7c80000,0x00000000e86fe008,0x00000000e8700000)
  to   space 13824K, 0% used [0x00000000e9d00000,0x00000000e9d00000,0x00000000eaa80000)
 ParOldGen       total 105472K, used 10614K [0x00000000a0000000, 0x00000000a6700000, 0x00000000e0000000)
  object space 105472K, 10% used [0x00000000a0000000,0x00000000a0a5d870,0x00000000a6700000)
 Metaspace       used 34653K, capacity 35209K, committed 35416K, reserved 1079296K
  class space    used 4805K, capacity 4992K, committed 4992K, reserved 1048576K
}
Event: 3.335 GC heap before
{Heap before GC invocations=7 (full 2):
 PSYoungGen      total 138240K, used 10744K [0x00000000e0000000, 0x00000000eaa80000, 0x0000000100000000)
  eden space 127488K, 0% used [0x00000000e0000000,0x00000000e0000000,0x00000000e7c80000)
  from space 10752K, 99% used [0x00000000e7c80000,0x00000000e86fe008,0x00000000e8700000)
  to   space 13824K, 0% used [0x00000000e9d00000,0x00000000e9d00000,0x00000000eaa80000)
 ParOldGen       total 105472K, used 10614K [0x00000000a0000000, 0x00000000a6700000, 0x00000000e0000000)
  object space 105472K, 10% used [0x00000000a0000000,0x00000000a0a5d870,0x00000000a6700000)
 Metaspace       used 34653K, capacity 35209K, committed 35416K, reserved 1079296K
  class space    used 4805K, capacity 4992K, committed 4992K, reserved 1048576K
Event: 3.371 GC heap after
Heap after GC invocations=7 (full 2):
 PSYoungGen      total 138240K, used 0K [0x00000000e0000000, 0x00000000eaa80000, 0x0000000100000000)
  eden space 127488K, 0% used [0x00000000e0000000,0x00000000e0000000,0x00000000e7c80000)
  from space 10752K, 0% used [0x00000000e7c80000,0x00000000e7c80000,0x00000000e8700000)
  to   space 13824K, 0% used [0x00000000e9d00000,0x00000000e9d00000,0x00000000eaa80000)
 ParOldGen       total 172032K, used 19100K [0x00000000a0000000, 0x00000000aa800000, 0x00000000e0000000)
  object space 172032K, 11% used [0x00000000a0000000,0x00000000a12a72b0,0x00000000aa800000)
 Metaspace       used 34653K, capacity 35209K, committed 35416K, reserved 1079296K
  class space    used 4805K, capacity 4992K, committed 4992K, reserved 1048576K
}
Event: 4.466 GC heap before
{Heap before GC invocations=8 (full 2):
 PSYoungGen      total 138240K, used 127488K [0x00000000e0000000, 0x00000000eaa80000, 0x0000000100000000)
  eden space 127488K, 100% used [0x00000000e0000000,0x00000000e7c80000,0x00000000e7c80000)
  from space 10752K, 0% used [0x00000000e7c80000,0x00000000e7c80000,0x00000000e8700000)
  to   space 13824K, 0% used [0x00000000e9d00000,0x00000000e9d00000,0x00000000eaa80000)
 ParOldGen       total 172032K, used 19100K [0x00000000a0000000, 0x00000000aa800000, 0x00000000e0000000)
  object space 172032K, 11% used [0x00000000a0000000,0x00000000a12a72b0,0x00000000aa800000)
 Metaspace       used 42413K, capacity 43149K, committed 43352K, reserved 1087488K
  class space    used 5760K, capacity 6004K, committed 6016K, reserved 1048576K
Event: 4.478 GC heap after
Heap after GC invocations=8 (full 2):
 PSYoungGen      total 158208K, used 13821K [0x00000000e0000000, 0x00000000ed080000, 0x0000000100000000)
  eden space 144384K, 0% used [0x00000000e0000000,0x00000000e0000000,0x00000000e8d00000)
  from space 13824K, 99% used [0x00000000e9d00000,0x00000000eaa7f610,0x00000000eaa80000)
  to   space 16384K, 0% used [0x00000000e8d00000,0x00000000e8d00000,0x00000000e9d00000)
 ParOldGen       total 172032K, used 20496K [0x00000000a0000000, 0x00000000aa800000, 0x00000000e0000000)
  object space 172032K, 11% used [0x00000000a0000000,0x00000000a1404270,0x00000000aa800000)
 Metaspace       used 42413K, capacity 43149K, committed 43352K, reserved 1087488K
  class space    used 5760K, capacity 6004K, committed 6016K, reserved 1048576K
}
Event: 6.159 GC heap before
{Heap before GC invocations=9 (full 2):
 PSYoungGen      total 158208K, used 158205K [0x00000000e0000000, 0x00000000ed080000, 0x0000000100000000)
  eden space 144384K, 100% used [0x00000000e0000000,0x00000000e8d00000,0x00000000e8d00000)
  from space 13824K, 99% used [0x00000000e9d00000,0x00000000eaa7f610,0x00000000eaa80000)
  to   space 16384K, 0% used [0x00000000e8d00000,0x00000000e8d00000,0x00000000e9d00000)
 ParOldGen       total 172032K, used 20496K [0x00000000a0000000, 0x00000000aa800000, 0x00000000e0000000)
  object space 172032K, 11% used [0x00000000a0000000,0x00000000a1404270,0x00000000aa800000)
 Metaspace       used 49931K, capacity 51127K, committed 51416K, reserved 1093632K
  class space    used 6732K, capacity 7087K, committed 7168K, reserved 1048576K
Event: 6.170 GC heap after
Heap after GC invocations=9 (full 2):
 PSYoungGen      total 160768K, used 15998K [0x00000000e0000000, 0x00000000ee680000, 0x0000000100000000)
  eden space 144384K, 0% used [0x00000000e0000000,0x00000000e0000000,0x00000000e8d00000)
  from space 16384K, 97% used [0x00000000e8d00000,0x00000000e9c9fb88,0x00000000e9d00000)
  to   space 18432K, 0% used [0x00000000ed480000,0x00000000ed480000,0x00000000ee680000)
 ParOldGen       total 172032K, used 20568K [0x00000000a0000000, 0x00000000aa800000, 0x00000000e0000000)
  object space 172032K, 11% used [0x00000000a0000000,0x00000000a1416280,0x00000000aa800000)
 Metaspace       used 49931K, capacity 51127K, committed 51416K, reserved 1093632K
  class space    used 6732K, capacity 7087K, committed 7168K, reserved 1048576K
}

