# JRE version: OpenJDK Runtime Environment (8.0_152-b06) (build 1.8.0_152-release-1136-b06)
# Java VM: OpenJDK 64-Bit Server VM (25.152-b06 mixed mode windows-amd64 compressed oops)
Heap:
 PSYoungGen      total 424960K, used 232358K [0x00000000e0000000, 0x00000000fc300000, 0x0000000100000000)
  eden space 410624K, 53% used [0x00000000e0000000,0x00000000ed505c38,0x00000000f9100000)
  from space 14336K, 99% used [0x00000000fb500000,0x00000000fc2e3e70,0x00000000fc300000)
  to   space 24064K, 0% used [0x00000000f9400000,0x00000000f9400000,0x00000000fab80000)
 ParOldGen       total 230400K, used 41774K [0x00000000a0000000, 0x00000000ae100000, 0x00000000e0000000)
  object space 230400K, 18% used [0x00000000a0000000,0x00000000a28cbab8,0x00000000ae100000)
 Metaspace       used 80155K, capacity 83946K, committed 84184K, reserved 1122304K
  class space    used 10453K, capacity 11203K, committed 11264K, reserved 1048576K
GC Heap History (10 events):
Event: 16.890 GC heap before
{Heap before GC invocations=13 (full 3):
 PSYoungGen      total 210944K, used 187904K [0x00000000e0000000, 0x00000000f2780000, 0x0000000100000000)
  eden space 187904K, 100% used [0x00000000e0000000,0x00000000eb780000,0x00000000eb780000)
  from space 23040K, 0% used [0x00000000eb780000,0x00000000eb780000,0x00000000ece00000)
  to   space 25088K, 0% used [0x00000000f0f00000,0x00000000f0f00000,0x00000000f2780000)
 ParOldGen       total 230400K, used 34222K [0x00000000a0000000, 0x00000000ae100000, 0x00000000e0000000)
  object space 230400K, 14% used [0x00000000a0000000,0x00000000a216ba28,0x00000000ae100000)
 Metaspace       used 70766K, capacity 73902K, committed 74200K, reserved 1114112K
  class space    used 9552K, capacity 10194K, committed 10240K, reserved 1048576K
Event: 16.903 GC heap after
Heap after GC invocations=13 (full 3):
 PSYoungGen      total 267264K, used 12593K [0x00000000e0000000, 0x00000000f2180000, 0x0000000100000000)
  eden space 248320K, 0% used [0x00000000e0000000,0x00000000e0000000,0x00000000ef280000)
  from space 18944K, 66% used [0x00000000f0f00000,0x00000000f1b4c728,0x00000000f2180000)
  to   space 24064K, 0% used [0x00000000ef280000,0x00000000ef280000,0x00000000f0a00000)
 ParOldGen       total 230400K, used 34230K [0x00000000a0000000, 0x00000000ae100000, 0x00000000e0000000)
  object space 230400K, 14% used [0x00000000a0000000,0x00000000a216da28,0x00000000ae100000)
 Metaspace       used 70766K, capacity 73902K, committed 74200K, reserved 1114112K
  class space    used 9552K, capacity 10194K, committed 10240K, reserved 1048576K
}
Event: 18.883 GC heap before
{Heap before GC invocations=14 (full 3):
 PSYoungGen      total 267264K, used 259419K [0x00000000e0000000, 0x00000000f2180000, 0x0000000100000000)
  eden space 248320K, 99% used [0x00000000e0000000,0x00000000ef10a8b0,0x00000000ef280000)
  from space 18944K, 66% used [0x00000000f0f00000,0x00000000f1b4c728,0x00000000f2180000)
  to   space 24064K, 0% used [0x00000000ef280000,0x00000000ef280000,0x00000000f0a00000)
 ParOldGen       total 230400K, used 34230K [0x00000000a0000000, 0x00000000ae100000, 0x00000000e0000000)
  object space 230400K, 14% used [0x00000000a0000000,0x00000000a216da28,0x00000000ae100000)
 Metaspace       used 73346K, capacity 76624K, committed 76888K, reserved 1116160K
  class space    used 9867K, capacity 10527K, committed 10624K, reserved 1048576K
Event: 18.893 GC heap after
Heap after GC invocations=14 (full 3):
 PSYoungGen      total 272384K, used 15702K [0x00000000e0000000, 0x00000000f6700000, 0x0000000100000000)
  eden space 248320K, 0% used [0x00000000e0000000,0x00000000e0000000,0x00000000ef280000)
  from space 24064K, 65% used [0x00000000ef280000,0x00000000f01d5938,0x00000000f0a00000)
  to   space 24064K, 0% used [0x00000000f4f80000,0x00000000f4f80000,0x00000000f6700000)
 ParOldGen       total 230400K, used 34238K [0x00000000a0000000, 0x00000000ae100000, 0x00000000e0000000)
  object space 230400K, 14% used [0x00000000a0000000,0x00000000a216fa28,0x00000000ae100000)
 Metaspace       used 73346K, capacity 76624K, committed 76888K, reserved 1116160K
  class space    used 9867K, capacity 10527K, committed 10624K, reserved 1048576K
}
Event: 19.083 GC heap before
{Heap before GC invocations=15 (full 3):
 PSYoungGen      total 272384K, used 263180K [0x00000000e0000000, 0x00000000f6700000, 0x0000000100000000)
  eden space 248320K, 99% used [0x00000000e0000000,0x00000000ef1ad950,0x00000000ef280000)
  from space 24064K, 65% used [0x00000000ef280000,0x00000000f01d5938,0x00000000f0a00000)
  to   space 24064K, 0% used [0x00000000f4f80000,0x00000000f4f80000,0x00000000f6700000)
 ParOldGen       total 230400K, used 34238K [0x00000000a0000000, 0x00000000ae100000, 0x00000000e0000000)
  object space 230400K, 14% used [0x00000000a0000000,0x00000000a216fa28,0x00000000ae100000)
 Metaspace       used 73767K, capacity 77116K, committed 77144K, reserved 1116160K
  class space    used 9925K, capacity 10613K, committed 10624K, reserved 1048576K
Event: 19.091 GC heap after
Heap after GC invocations=15 (full 3):
 PSYoungGen      total 344064K, used 11746K [0x00000000e0000000, 0x00000000f6f80000, 0x0000000100000000)
  eden space 320000K, 0% used [0x00000000e0000000,0x00000000e0000000,0x00000000f3880000)
  from space 24064K, 48% used [0x00000000f4f80000,0x00000000f5af8840,0x00000000f6700000)
  to   space 23552K, 0% used [0x00000000f3880000,0x00000000f3880000,0x00000000f4f80000)
 ParOldGen       total 230400K, used 34246K [0x00000000a0000000, 0x00000000ae100000, 0x00000000e0000000)
  object space 230400K, 14% used [0x00000000a0000000,0x00000000a2171a28,0x00000000ae100000)
 Metaspace       used 73767K, capacity 77116K, committed 77144K, reserved 1116160K
  class space    used 9925K, capacity 10613K, committed 10624K, reserved 1048576K
}
Event: 19.411 GC heap before
{Heap before GC invocations=16 (full 3):
 PSYoungGen      total 344064K, used 331746K [0x00000000e0000000, 0x00000000f6f80000, 0x0000000100000000)
  eden space 320000K, 100% used [0x00000000e0000000,0x00000000f3880000,0x00000000f3880000)
  from space 24064K, 48% used [0x00000000f4f80000,0x00000000f5af8840,0x00000000f6700000)
  to   space 23552K, 0% used [0x00000000f3880000,0x00000000f3880000,0x00000000f4f80000)
 ParOldGen       total 230400K, used 34246K [0x00000000a0000000, 0x00000000ae100000, 0x00000000e0000000)
  object space 230400K, 14% used [0x00000000a0000000,0x00000000a2171a28,0x00000000ae100000)
 Metaspace       used 74627K, capacity 78048K, committed 78296K, reserved 1116160K
  class space    used 10031K, capacity 10723K, committed 10752K, reserved 1048576K
Event: 19.418 GC heap after
Heap after GC invocations=16 (full 3):
 PSYoungGen      total 343552K, used 1177K [0x00000000e0000000, 0x00000000fcd00000, 0x0000000100000000)
  eden space 320000K, 0% used [0x00000000e0000000,0x00000000e0000000,0x00000000f3880000)
  from space 23552K, 4% used [0x00000000f3880000,0x00000000f39a65c8,0x00000000f4f80000)
  to   space 24576K, 0% used [0x00000000fb500000,0x00000000fb500000,0x00000000fcd00000)
 ParOldGen       total 230400K, used 41373K [0x00000000a0000000, 0x00000000ae100000, 0x00000000e0000000)
  object space 230400K, 17% used [0x00000000a0000000,0x00000000a2867568,0x00000000ae100000)
 Metaspace       used 74627K, capacity 78048K, committed 78296K, reserved 1116160K
  class space    used 10031K, capacity 10723K, committed 10752K, reserved 1048576K
}
Event: 23.708 GC heap before
{Heap before GC invocations=17 (full 3):
 PSYoungGen      total 343552K, used 321177K [0x00000000e0000000, 0x00000000fcd00000, 0x0000000100000000)
  eden space 320000K, 100% used [0x00000000e0000000,0x00000000f3880000,0x00000000f3880000)
  from space 23552K, 4% used [0x00000000f3880000,0x00000000f39a65c8,0x00000000f4f80000)
  to   space 24576K, 0% used [0x00000000fb500000,0x00000000fb500000,0x00000000fcd00000)
 ParOldGen       total 230400K, used 41373K [0x00000000a0000000, 0x00000000ae100000, 0x00000000e0000000)
  object space 230400K, 17% used [0x00000000a0000000,0x00000000a2867568,0x00000000ae100000)
 Metaspace       used 79722K, capacity 83492K, committed 83672K, reserved 1122304K
  class space    used 10412K, capacity 11148K, committed 11264K, reserved 1048576K
Event: 23.718 GC heap after
Heap after GC invocations=17 (full 3):
 PSYoungGen      total 424960K, used 14223K [0x00000000e0000000, 0x00000000fc300000, 0x0000000100000000)
  eden space 410624K, 0% used [0x00000000e0000000,0x00000000e0000000,0x00000000f9100000)
  from space 14336K, 99% used [0x00000000fb500000,0x00000000fc2e3e70,0x00000000fc300000)
  to   space 24064K, 0% used [0x00000000f9400000,0x00000000f9400000,0x00000000fab80000)
 ParOldGen       total 230400K, used 41774K [0x00000000a0000000, 0x00000000ae100000, 0x00000000e0000000)
  object space 230400K, 18% used [0x00000000a0000000,0x00000000a28cbab8,0x00000000ae100000)
 Metaspace       used 79722K, capacity 83492K, committed 83672K, reserved 1122304K
  class space    used 10412K, capacity 11148K, committed 11264K, reserved 1048576K
}

